2018-07-13T03:07:03.903Z - normal: Load ~/.CocosCreator/settings.json
2018-07-13T03:07:03.906Z - normal: checking language setting...
2018-07-13T03:07:03.906Z - normal: Language: en
2018-07-13T03:07:04.479Z - success: protocol editor-framework registered
2018-07-13T03:07:04.480Z - success: protocol app registered
2018-07-13T03:07:04.480Z - success: protocol theme registered
2018-07-13T03:07:04.480Z - success: protocol packages registered
2018-07-13T03:07:04.480Z - success: protocol unpack registerred
2018-07-13T03:07:04.481Z - success: protocol disable-commonjs registerred
2018-07-13T03:07:04.675Z - normal: connected!
2018-07-13T03:07:04.679Z - normal: Check project /Users/johnny/Documents/work/CocosCreator/PaperScissorForce
2018-07-13T03:07:04.689Z - normal: Initializing Cocos2d
2018-07-13T03:07:04.847Z - normal: Initializing Asset Database
2018-07-13T03:07:04.874Z - success: protocol uuid registerred
2018-07-13T03:07:04.874Z - success: protocol db registerred
2018-07-13T03:07:04.874Z - success: protocol thumbnail registerred
2018-07-13T03:07:04.875Z - normal: Loading editor/builtin packages
2018-07-13T03:07:04.892Z - success: anysdk loaded
2018-07-13T03:07:04.997Z - success: assets loaded
2018-07-13T03:07:05.000Z - success: builder loaded
2018-07-13T03:07:05.002Z - success: cocos-analytics loaded
2018-07-13T03:07:05.006Z - success: console loaded
2018-07-13T03:07:05.036Z - success: fb-instant-games loaded
2018-07-13T03:07:05.041Z - success: hierarchy loaded
2018-07-13T03:07:05.045Z - success: inspector loaded
2018-07-13T03:07:05.046Z - success: keystore loaded
2018-07-13T03:07:05.050Z - success: node-library loaded
2018-07-13T03:07:05.052Z - success: package-asset loaded
2018-07-13T03:07:05.053Z - success: preferences loaded
2018-07-13T03:07:05.056Z - success: project-exporter loaded
2018-07-13T03:07:05.070Z - success: project-importer loaded
2018-07-13T03:07:05.073Z - success: project-settings loaded
2018-07-13T03:07:05.077Z - success: ui-kit loaded
2018-07-13T03:07:05.082Z - success: ui-grid loaded
2018-07-13T03:07:05.086Z - success: scene loaded
2018-07-13T03:07:05.087Z - success: sprite-editor loaded
2018-07-13T03:07:05.091Z - success: store loaded
2018-07-13T03:07:05.097Z - success: timeline loaded
2018-07-13T03:07:05.097Z - normal: Loading builtin packages
2018-07-13T03:07:05.101Z - success: asset-db-debugger loaded
2018-07-13T03:07:05.102Z - success: color-picker loaded
2018-07-13T03:07:05.106Z - success: package-manager loaded
2018-07-13T03:07:05.107Z - success: qqplay-adapter loaded
2018-07-13T03:07:05.112Z - success: sdkbox loaded
2018-07-13T03:07:05.116Z - success: tester loaded
2018-07-13T03:07:05.119Z - success: ui-kit-preview-extra loaded
2018-07-13T03:07:05.121Z - success: ui-kit-preview loaded
2018-07-13T03:07:05.124Z - success: ui-tree loaded
2018-07-13T03:07:05.126Z - success: weapp-adapter loaded
2018-07-13T03:07:05.994Z - normal: Initializing project /Users/johnny/Documents/work/CocosCreator/PaperScissorForce
2018-07-13T03:07:05.996Z - normal: Loading packages
2018-07-13T03:07:06.003Z - normal: Watching packages
2018-07-13T03:07:06.106Z - normal: Run Application
2018-07-13T03:07:06.717Z - success: preview server running at http://localhost:7456
2018-07-13T03:07:10.381Z - normal: 1.9.2
2018-07-13T03:07:16.500Z - info: shutdown preview server
